빌드 시작: 2016-04-03 오후 1:01:34
     1>2 노드의 "C:\massacre\massacre.vcxproj" 프로젝트(Build 대상)입니다.
     1>ClCompile:
         C:\Program Files\Microsoft Visual Studio 12.0\VC\bin\x86_amd64\CL.exe /c /Zi /nologo /W3 /WX- /sdl /O2 /Oi /GL /D WIN32 /D NDEBUG /D _WINDOWS /D _UNICODE /D UNICODE /Gm- /EHsc /MT /GS /Gy /fp:precise /Zc:wchar_t /Zc:forScope /Yu"stdafx.h" /Fp"x64\64\massacre.pch" /Fo"x64\64\\" /Fd"x64\64\vc120.pdb" /Gd /TP /errorReport:prompt Network.cpp RoomManager.cpp
         Network.cpp
     1>Network.cpp(1): warning C4627: '#include <cstdlib>': 미리 컴파일된 헤더 사용을 찾을 때 건너뛰었습니다.
                 'stdafx.h'에 지시문 추가 또는 미리 컴파일된 헤더 다시 빌드
     1>Network.cpp(2): warning C4627: '#include <fstream>': 미리 컴파일된 헤더 사용을 찾을 때 건너뛰었습니다.
                 'stdafx.h'에 지시문 추가 또는 미리 컴파일된 헤더 다시 빌드
     1>Network.cpp(77): warning C4244: '=' : 'SOCKET'에서 'int'(으)로 변환하면서 데이터가 손실될 수 있습니다.
     1>Network.cpp(117): warning C4244: '=' : 'double'에서 'float'(으)로 변환하면서 데이터가 손실될 수 있습니다.
     1>Network.cpp(118): warning C4244: '=' : 'double'에서 'float'(으)로 변환하면서 데이터가 손실될 수 있습니다.
     1>Network.cpp(119): warning C4244: '=' : 'double'에서 'float'(으)로 변환하면서 데이터가 손실될 수 있습니다.
     1>Network.cpp(120): warning C4244: '=' : 'double'에서 'float'(으)로 변환하면서 데이터가 손실될 수 있습니다.
     1>Network.cpp(131): warning C4244: '=' : 'const unsigned __int64'에서 'int'(으)로 변환하면서 데이터가 손실될 수 있습니다.
     1>Network.cpp(89): warning C4101: 'i' :참조되지 않은 지역 변수입니다.
         RoomManager.cpp
     1>RoomManager.cpp(1): warning C4627: '#include <cstdlib>': 미리 컴파일된 헤더 사용을 찾을 때 건너뛰었습니다.
                 'stdafx.h'에 지시문 추가 또는 미리 컴파일된 헤더 다시 빌드
     1>RoomManager.cpp(2): warning C4627: '#include <fstream>': 미리 컴파일된 헤더 사용을 찾을 때 건너뛰었습니다.
                 'stdafx.h'에 지시문 추가 또는 미리 컴파일된 헤더 다시 빌드
     1>RoomManager.cpp(18): warning C4305: '=' : 'int'에서 'float'(으)로 잘립니다.
     1>RoomManager.cpp(19): warning C4305: '=' : 'int'에서 'float'(으)로 잘립니다.
     1>RoomManager.cpp(37): warning C4244: '=' : 'const unsigned __int64'에서 'int'(으)로 변환하면서 데이터가 손실될 수 있습니다.
       Link:
         C:\Program Files\Microsoft Visual Studio 12.0\VC\bin\x86_amd64\link.exe /ERRORREPORT:PROMPT /OUT:"C:\massacre\x64\64\massacre.exe" /INCREMENTAL:NO /NOLOGO ws2_32.lib kernel32.lib user32.lib gdi32.lib winspool.lib comdlg32.lib advapi32.lib shell32.lib ole32.lib oleaut32.lib uuid.lib odbc32.lib odbccp32.lib /MANIFEST /MANIFESTUAC:"level='asInvoker' uiAccess='false'" /manifest:embed /DEBUG /PDB:"C:\massacre\x64\64\massacre.pdb" /SUBSYSTEM:WINDOWS /OPT:REF /OPT:ICF /LTCG /TLBID:1 /DYNAMICBASE /NXCOMPAT /IMPLIB:"C:\massacre\x64\64\massacre.lib" /MACHINE:X64 x64\64\massacre.res
         x64\64\massacre.obj
         x64\64\Network.obj
         x64\64\Packet.obj
         x64\64\RoomManager.obj
         x64\64\stdafx.obj
         코드를 생성하고 있습니다.
         코드를 생성했습니다.
         massacre.vcxproj -> C:\massacre\x64\64\massacre.exe
     1>"C:\massacre\massacre.vcxproj" 프로젝트를 빌드했습니다(Build 대상).

빌드했습니다.

경과 시간: 00:00:05.46
